{"name": "test_D", "status": "failed", "statusDetails": {"message": "AssertionError: assert False", "trace": "def test_D():\n        allure_logs('This is a Method D - Step 1')\n        allure_logs('This is a Method D - Step 2')\n        print('Test D')\n>       assert False\nE       assert False\n\npytest_allure/test_pytestallure.py:35: AssertionError"}, "steps": [{"name": "This is a Method D - Step 1", "status": "passed", "start": 1735063404693, "stop": 1735063404693}, {"name": "This is a Method D - Step 2", "status": "passed", "start": 1735063404693, "stop": 1735063404693}], "start": 1735063404693, "stop": 1735063404693, "uuid": "b6e75b8c-876e-4154-9cdc-9319b529e26c", "historyId": "5e6d8456ca3acd4d0538de19fe990084", "testCaseId": "5e6d8456ca3acd4d0538de19fe990084", "fullName": "pytest_allure.test_pytestallure#test_D", "labels": [{"name": "parentSuite", "value": "pytest_allure"}, {"name": "suite", "value": "test_pytestallure"}, {"name": "host", "value": "MBSVLCDISHPH65T.local"}, {"name": "thread", "value": "78785-MainThread"}, {"name": "framework", "value": "pytest"}, {"name": "language", "value": "cpython3"}, {"name": "package", "value": "pytest_allure.test_pytestallure"}]}